<?xml version="1.0" encoding="UTF-8"?>
<!-- Generated by org.testng.reporters.JUnitXMLReporter -->
<testsuite hostname="EDZ-20170729POB" ignored="0" name="Test" tests="1" failures="1" timestamp="28 三月 2018 12:49:04 GMT" time="17.495" errors="0">
  <testcase name="createZhiTou" time="17.452" classname="com.irongbei.NewCreateZhiTou">
    <failure type="java.lang.IndexOutOfBoundsException" message="Index: 0, Size: 0">
      <![CDATA[java.lang.IndexOutOfBoundsException: Index: 0, Size: 0
	at java.util.ArrayList.rangeCheck(ArrayList.java:653)
	at java.util.ArrayList.get(ArrayList.java:429)
	at com.irongbei.ZhiTouPage.addZhiTou(ZhiTouPage.java:92)
	at com.irongbei.NewCreateZhiTou.createZhiTou(NewCreateZhiTou.java:29)
... Removed 25 stack frames]]>
    </failure>
  </testcase> <!-- createZhiTou -->
</testsuite> <!-- Test -->
