<?xml version="1.0" encoding="UTF-8"?>
<testng-results skipped="0" failed="0" ignored="1" total="2" passed="1">
  <reporter-output>
  </reporter-output>
  <suite name="Suite" duration-ms="37300" started-at="2020-06-24T08:48:21Z" finished-at="2020-06-24T08:48:58Z">
    <groups>
    </groups>
    <test name="test1" duration-ms="37274" started-at="2020-06-24T08:48:21Z" finished-at="2020-06-24T08:48:58Z">
      <class name="com.irongbei.AddZhouZhouSheng">
        <test-method status="PASS" signature="addZhouZhouSheng(java.lang.String, java.lang.String, int, int, int, int, java.lang.String, java.lang.String, java.lang.String, java.lang.String)[pri:0, instance:com.irongbei.AddZhouZhouSheng@d706f19]" name="addZhouZhouSheng" duration-ms="37239" started-at="2020-06-24T16:48:21Z" finished-at="2020-06-24T16:48:58Z">
          <params>
            <param index="0">
              <value>
                <![CDATA[6]]>
              </value>
            </param>
            <param index="1">
              <value>
                <![CDATA[0.3]]>
              </value>
            </param>
            <param index="2">
              <value>
                <![CDATA[6]]>
              </value>
            </param>
            <param index="3">
              <value>
                <![CDATA[2020]]>
              </value>
            </param>
            <param index="4">
              <value>
                <![CDATA[5]]>
              </value>
            </param>
            <param index="5">
              <value>
                <![CDATA[24]]>
              </value>
            </param>
            <param index="6">
              <value>
                <![CDATA[1]]>
              </value>
            </param>
            <param index="7">
              <value>
                <![CDATA[test]]>
              </value>
            </param>
            <param index="8">
              <value>
                <![CDATA[09]]>
              </value>
            </param>
            <param index="9">
              <value>
                <![CDATA[ZS190400-038]]>
              </value>
            </param>
          </params>
          <reporter-output>
          </reporter-output>
        </test-method> <!-- addZhouZhouSheng -->
      </class> <!-- com.irongbei.AddZhouZhouSheng -->
    </test> <!-- test1 -->
    <test name="test2" duration-ms="1" started-at="2020-06-24T08:48:58Z" finished-at="2020-06-24T08:48:58Z">
    </test> <!-- test2 -->
  </suite> <!-- Suite -->
</testng-results>
